mode: set
chaitanyakolluru/gameOfLife/main.go:10.13,14.2 3 0
chaitanyakolluru/gameOfLife/main.go:16.35,17.25 1 0
chaitanyakolluru/gameOfLife/main.go:17.25,19.3 1 0
chaitanyakolluru/gameOfLife/main.go:22.47,28.2 2 0
chaitanyakolluru/gameOfLife/pkg/cell.go:9.41,15.2 1 0
chaitanyakolluru/gameOfLife/internal/helpers/distance.go:9.40,11.2 1 1
chaitanyakolluru/gameOfLife/internal/helpers/filter.go:5.70,6.25 1 1
chaitanyakolluru/gameOfLife/internal/helpers/filter.go:6.25,7.11 1 1
chaitanyakolluru/gameOfLife/internal/helpers/filter.go:7.11,9.4 1 1
chaitanyakolluru/gameOfLife/internal/helpers/filter.go:11.2,11.8 1 1
chaitanyakolluru/gameOfLife/internal/helpers/map.go:5.71,6.25 1 1
chaitanyakolluru/gameOfLife/internal/helpers/map.go:6.25,8.3 1 1
chaitanyakolluru/gameOfLife/internal/helpers/map.go:9.2,9.8 1 1
chaitanyakolluru/gameOfLife/internal/helpers/neighbors.go:7.56,8.45 1 1
chaitanyakolluru/gameOfLife/internal/helpers/neighbors.go:8.45,11.3 2 1
chaitanyakolluru/gameOfLife/pkg/cell.go:9.41,15.2 1 1
chaitanyakolluru/gameOfLife/pkg/cell.go:9.41,15.2 1 1
chaitanyakolluru/gameOfLife/pkg/grid/expander.go:8.64,10.27 2 1
chaitanyakolluru/gameOfLife/pkg/grid/expander.go:10.27,11.28 1 1
chaitanyakolluru/gameOfLife/pkg/grid/expander.go:11.28,12.58 1 1
chaitanyakolluru/gameOfLife/pkg/grid/expander.go:12.58,14.5 1 1
chaitanyakolluru/gameOfLife/pkg/grid/expander.go:16.4,16.25 1 1
chaitanyakolluru/gameOfLife/pkg/grid/expander.go:16.25,18.5 1 1
chaitanyakolluru/gameOfLife/pkg/grid/expander.go:18.10,20.5 1 1
chaitanyakolluru/gameOfLife/pkg/grid/expander.go:21.4,21.7 1 1
chaitanyakolluru/gameOfLife/pkg/grid/expander.go:23.3,24.8 2 1
chaitanyakolluru/gameOfLife/pkg/grid/expander.go:27.2,27.8 1 1
chaitanyakolluru/gameOfLife/pkg/grid/generator.go:7.45,9.28 2 1
chaitanyakolluru/gameOfLife/pkg/grid/generator.go:9.28,10.29 1 1
chaitanyakolluru/gameOfLife/pkg/grid/generator.go:10.29,11.20 1 1
chaitanyakolluru/gameOfLife/pkg/grid/generator.go:11.20,13.5 1 1
chaitanyakolluru/gameOfLife/pkg/grid/generator.go:13.10,15.5 1 1
chaitanyakolluru/gameOfLife/pkg/grid/generator.go:19.2,19.15 1 1
chaitanyakolluru/gameOfLife/pkg/grid/process.go:9.53,10.69 1 1
chaitanyakolluru/gameOfLife/pkg/grid/process.go:10.69,15.3 1 1
chaitanyakolluru/gameOfLife/pkg/grid/process.go:17.2,17.52 1 1
chaitanyakolluru/gameOfLife/pkg/grid/process.go:17.52,20.3 2 1
chaitanyakolluru/gameOfLife/internal/rules/comesBackAlive.go:8.55,9.13 1 1
chaitanyakolluru/gameOfLife/internal/rules/comesBackAlive.go:9.13,11.3 1 1
chaitanyakolluru/gameOfLife/internal/rules/comesBackAlive.go:13.2,14.27 1 1
chaitanyakolluru/gameOfLife/internal/rules/comesBackAlive.go:14.27,16.4 1 1
chaitanyakolluru/gameOfLife/internal/rules/fewerThanTwo.go:8.53,10.27 1 1
chaitanyakolluru/gameOfLife/internal/rules/fewerThanTwo.go:10.27,12.4 1 1
chaitanyakolluru/gameOfLife/internal/rules/moreThanThree.go:8.54,10.27 1 1
chaitanyakolluru/gameOfLife/internal/rules/moreThanThree.go:10.27,12.4 1 1
chaitanyakolluru/gameOfLife/internal/rules/twoOrThree.go:8.51,10.27 1 1
chaitanyakolluru/gameOfLife/internal/rules/twoOrThree.go:10.27,12.4 1 1
chaitanyakolluru/gameOfLife/internal/rules/twoOrThree.go:14.2,14.43 1 1
chaitanyakolluru/gameOfLife/pkg/cell.go:9.41,15.2 1 1
